<?xml version="1.0" encoding="UTF-8"?>
<testsuites name="jest tests" tests="5" failures="0" errors="0" time="3.011">
  <testsuite name="DistributedState" errors="0" failures="0" skipped="0" timestamp="2022-06-06T09:08:23" time="2.775" tests="5">
    <testcase classname="DistributedState Provider correctly renders the children" name="DistributedState Provider correctly renders the children" time="0.045">
    </testcase>
    <testcase classname="DistributedState Provider correctly provides a context" name="DistributedState Provider correctly provides a context" time="0.004">
    </testcase>
    <testcase classname="DistributedState Provider correctly updates the state if the state provided to the provider changes" name="DistributedState Provider correctly updates the state if the state provided to the provider changes" time="0.013">
    </testcase>
    <testcase classname="DistributedState Provider does not re-render the child if not watching state and the state is changed" name="DistributedState Provider does not re-render the child if not watching state and the state is changed" time="0.004">
    </testcase>
    <testcase classname="DistributedState Provider re-renders if state is watched and state is changed via set" name="DistributedState Provider re-renders if state is watched and state is changed via set" time="0.005">
    </testcase>
  </testsuite>
</testsuites>